cd src/; make MetroCPP
make[1]: Entering directory '/home/eduardo/CLUES/MetroC++/src'
/home/eduardo/CLUES/libs/bin/mpic++ -O3 -std=c++11                -Wunused-result -fpermissive -c Communication.cpp
/home/eduardo/CLUES/libs/bin/mpic++ -O3 -std=c++11                -Wunused-result -fpermissive -o MetroCPP main.cpp IOSettings.o Communication.o general.o Halo.o Grid.o MergerTree.o Methods.o Gravity.o Cosmology.o  -lmpi -L/eduardo/CLUES/libs/lib/ 
mv MetroCPP ../bin/
make[1]: Leaving directory '/home/eduardo/CLUES/MetroC++/src'
Initialized grid with N=100 nodes in a box of 100000 kpc/h
Initialized grid with N=100 nodes in a box of 100000 kpc/h
Initialized grid with N=100 nodes in a box of 100000 kpc/h
/home/eduardo/CLUES/MetroC++/scripts/find_n.sh /home/eduardo/CLUES/DATA/FullBox/01/ AHF_halos > /home/eduardo/CLUES/MetroC++/tmp/output_n.tmp
File /home/eduardo/CLUES/MetroC++/tmp/output_n.tmp found. 
Found 55 redshifts in total.
/home/eduardo/CLUES/MetroC++/scripts/find_id.sh /home/eduardo/CLUES/DATA/FullBox/01/ AHF_halos > /home/eduardo/CLUES/MetroC++/tmp/output_id.tmp
File /home/eduardo/CLUES/MetroC++/tmp/output_id.tmp found. 
/home/eduardo/CLUES/MetroC++/scripts/find_z.sh /home/eduardo/CLUES/DATA/FullBox/01/ AHF_halos > /home/eduardo/CLUES/MetroC++/tmp/output_z.tmp
File /home/eduardo/CLUES/MetroC++/tmp/output_z.tmp found. 
Assigning 1 halo/particle files among 4 tasks. 
Reading 11570 halos from file: /home/eduardo/CLUES/DATA/FullBox/01/snapshot_054.0000.z0.000.AHF_halos
Reading 6 particle types from file: /home/eduardo/CLUES/DATA/FullBox/01/snapshot_054.0000.z0.000.AHF_particles
Gathering 1000000 nodes to all tasks for grid=0
Reading 11655 halos from file: /home/eduardo/CLUES/DATA/FullBox/01/snapshot_053.0000.z0.017.AHF_halos
Reading 6 particle types from file: /home/eduardo/CLUES/DATA/FullBox/01/snapshot_053.0000.z0.017.AHF_particles
Gathering 1000000 nodes to all tasks for grid=1
Exchanging buffer among tasks... 
Done.
Exchanging halos in the buffer region across all tasks...
Allocating 12MB send buffer for 3142
[neruda:29802] *** An error occurred in MPI_Pack
[neruda:29802] *** reported by process [140651074355201,3]
[neruda:29802] *** on communicator MPI_COMM_WORLD
[neruda:29802] *** MPI_ERR_TRUNCATE: message truncated
[neruda:29802] *** MPI_ERRORS_ARE_FATAL (processes in this communicator will now abort,
[neruda:29802] ***    and potentially your MPI job)
Allocating 2MB send buffer for 1192
[neruda:29794] 3 more processes have sent help message help-mpi-errors.txt / mpi_errors_are_fatal
[neruda:29794] Set MCA parameter "orte_base_help_aggregate" to 0 to see all help / error messages
